--------------------------------------------------------------------------------
Release 14.6 Trace  (nt64)
Copyright (c) 1995-2013 Xilinx, Inc.  All rights reserved.

C:\Xilinx\14.6\ISE_DS\ISE\bin\nt64\unwrapped\trce.exe -intstyle ise -v 3 -s 4
-n 3 -fastpaths -xml SRAM.twx SRAM.ncd -o SRAM.twr SRAM.pcf -ucf SRAM.ucf

Design file:              SRAM.ncd
Physical constraint file: SRAM.pcf
Device,package,speed:     xc3s1200e,fg320,-4 (PRODUCTION 1.27 2013-06-08)
Report level:             verbose report

Environment Variable      Effect 
--------------------      ------ 
NONE                      No environment variables were set
--------------------------------------------------------------------------------

INFO:Timing:2698 - No timing constraints found, doing default enumeration.
INFO:Timing:3412 - To improve timing, see the Timing Closure User Guide (UG612).
INFO:Timing:2752 - To get complete path coverage, use the unconstrained paths 
   option. All paths that are not constrained will be reported in the 
   unconstrained paths section(s) of the report.
INFO:Timing:3339 - The clock-to-out numbers in this timing report are based on 
   a 50 Ohm transmission line loading model.  For the details of this model, 
   and for more information on accounting for different loading conditions, 
   please see the device datasheet.
INFO:Timing:3390 - This architecture does not support a default System Jitter 
   value, please add SYSTEM_JITTER constraint to the UCF to modify the Clock 
   Uncertainty calculation.
INFO:Timing:3389 - This architecture does not support 'Discrete Jitter' and 
   'Phase Error' calculations, these terms will be zero in the Clock 
   Uncertainty calculation.  Please make appropriate modification to 
   SYSTEM_JITTER to account for the unsupported Discrete Jitter and Phase 
   Error.



Data Sheet report:
-----------------
All values displayed in nanoseconds (ns)

Setup/Hold to clock clk
------------+------------+------------+------------------+--------+
            |Max Setup to|Max Hold to |                  | Clock  |
Source      | clk (edge) | clk (edge) |Internal Clock(s) | Phase  |
------------+------------+------------+------------------+--------+
data<0>     |    4.074(F)|   -2.001(F)|clk_BUFGP         |   0.000|
data<1>     |    3.082(F)|   -1.237(F)|clk_BUFGP         |   0.000|
data<2>     |    2.558(F)|   -0.818(F)|clk_BUFGP         |   0.000|
data<3>     |    2.601(F)|   -0.850(F)|clk_BUFGP         |   0.000|
data<4>     |    2.510(F)|   -0.777(F)|clk_BUFGP         |   0.000|
data<5>     |    2.095(F)|   -0.445(F)|clk_BUFGP         |   0.000|
data<6>     |    2.710(F)|   -0.935(F)|clk_BUFGP         |   0.000|
data<7>     |    2.366(F)|   -0.659(F)|clk_BUFGP         |   0.000|
data<8>     |    3.099(F)|   -1.245(F)|clk_BUFGP         |   0.000|
data<9>     |    2.352(F)|   -0.650(F)|clk_BUFGP         |   0.000|
data<10>    |    4.513(F)|   -2.379(F)|clk_BUFGP         |   0.000|
data<11>    |    3.636(F)|   -1.633(F)|clk_BUFGP         |   0.000|
data<12>    |    3.352(F)|   -1.453(F)|clk_BUFGP         |   0.000|
data<13>    |    3.274(F)|   -1.369(F)|clk_BUFGP         |   0.000|
data<14>    |    4.185(F)|   -2.103(F)|clk_BUFGP         |   0.000|
data<15>    |    3.415(F)|   -1.501(F)|clk_BUFGP         |   0.000|
rst         |    4.397(F)|    0.225(F)|clk_BUFGP         |   0.000|
sw<0>       |    4.614(F)|   -0.973(F)|clk_BUFGP         |   0.000|
sw<1>       |    4.576(F)|   -1.100(F)|clk_BUFGP         |   0.000|
sw<2>       |    3.900(F)|   -0.505(F)|clk_BUFGP         |   0.000|
sw<3>       |    4.873(F)|   -1.555(F)|clk_BUFGP         |   0.000|
sw<4>       |    5.330(F)|   -1.741(F)|clk_BUFGP         |   0.000|
sw<5>       |    5.057(F)|   -1.700(F)|clk_BUFGP         |   0.000|
sw<6>       |    5.628(F)|   -1.888(F)|clk_BUFGP         |   0.000|
sw<7>       |    4.935(F)|   -0.710(F)|clk_BUFGP         |   0.000|
sw<8>       |    5.001(F)|   -1.000(F)|clk_BUFGP         |   0.000|
sw<9>       |    4.587(F)|   -1.176(F)|clk_BUFGP         |   0.000|
sw<10>      |    4.682(F)|   -0.910(F)|clk_BUFGP         |   0.000|
sw<11>      |    3.545(F)|   -0.519(F)|clk_BUFGP         |   0.000|
sw<12>      |    3.295(F)|   -0.338(F)|clk_BUFGP         |   0.000|
sw<13>      |    3.487(F)|   -0.469(F)|clk_BUFGP         |   0.000|
sw<14>      |    4.230(F)|   -1.186(F)|clk_BUFGP         |   0.000|
sw<15>      |    4.468(F)|   -1.005(F)|clk_BUFGP         |   0.000|
------------+------------+------------+------------------+--------+

Clock clk to Pad
------------+------------+------------------+--------+
            | clk (edge) |                  | Clock  |
Destination |   to PAD   |Internal Clock(s) | Phase  |
------------+------------+------------------+--------+
RAM_OE      |    8.409(F)|clk_BUFGP         |   0.000|
RAM_RW      |    8.129(F)|clk_BUFGP         |   0.000|
addr<0>     |   10.612(F)|clk_BUFGP         |   0.000|
addr<1>     |    9.936(F)|clk_BUFGP         |   0.000|
addr<2>     |   10.550(F)|clk_BUFGP         |   0.000|
addr<3>     |    9.846(F)|clk_BUFGP         |   0.000|
addr<4>     |   10.162(F)|clk_BUFGP         |   0.000|
addr<5>     |    9.807(F)|clk_BUFGP         |   0.000|
addr<6>     |   10.409(F)|clk_BUFGP         |   0.000|
addr<7>     |    9.613(F)|clk_BUFGP         |   0.000|
addr<8>     |    9.695(F)|clk_BUFGP         |   0.000|
addr<9>     |    9.421(F)|clk_BUFGP         |   0.000|
addr<10>    |    9.665(F)|clk_BUFGP         |   0.000|
addr<11>    |    9.793(F)|clk_BUFGP         |   0.000|
addr<12>    |    9.416(F)|clk_BUFGP         |   0.000|
addr<13>    |    9.998(F)|clk_BUFGP         |   0.000|
addr<14>    |    9.514(F)|clk_BUFGP         |   0.000|
addr<15>    |    9.723(F)|clk_BUFGP         |   0.000|
addr<16>    |    8.722(F)|clk_BUFGP         |   0.000|
addr<17>    |    9.642(F)|clk_BUFGP         |   0.000|
data<0>     |    8.474(F)|clk_BUFGP         |   0.000|
data<1>     |    8.743(F)|clk_BUFGP         |   0.000|
data<2>     |    9.001(F)|clk_BUFGP         |   0.000|
data<3>     |    8.996(F)|clk_BUFGP         |   0.000|
data<4>     |    9.253(F)|clk_BUFGP         |   0.000|
data<5>     |    8.454(F)|clk_BUFGP         |   0.000|
data<6>     |    7.945(F)|clk_BUFGP         |   0.000|
data<7>     |    8.416(F)|clk_BUFGP         |   0.000|
data<8>     |    8.105(F)|clk_BUFGP         |   0.000|
data<9>     |    8.449(F)|clk_BUFGP         |   0.000|
data<10>    |    8.182(F)|clk_BUFGP         |   0.000|
data<11>    |    8.093(F)|clk_BUFGP         |   0.000|
data<12>    |    8.141(F)|clk_BUFGP         |   0.000|
data<13>    |    7.884(F)|clk_BUFGP         |   0.000|
data<14>    |    8.867(F)|clk_BUFGP         |   0.000|
data<15>    |    9.438(F)|clk_BUFGP         |   0.000|
led<0>      |    9.848(F)|clk_BUFGP         |   0.000|
led<1>      |    9.802(F)|clk_BUFGP         |   0.000|
led<2>      |    9.030(F)|clk_BUFGP         |   0.000|
led<3>      |    8.917(F)|clk_BUFGP         |   0.000|
led<4>      |    9.292(F)|clk_BUFGP         |   0.000|
led<5>      |    8.619(F)|clk_BUFGP         |   0.000|
led<6>      |    9.497(F)|clk_BUFGP         |   0.000|
led<7>      |   10.152(F)|clk_BUFGP         |   0.000|
led<8>      |   10.126(F)|clk_BUFGP         |   0.000|
led<9>      |    9.909(F)|clk_BUFGP         |   0.000|
led<10>     |    9.537(F)|clk_BUFGP         |   0.000|
led<11>     |    9.855(F)|clk_BUFGP         |   0.000|
led<12>     |    9.594(F)|clk_BUFGP         |   0.000|
led<13>     |    9.989(F)|clk_BUFGP         |   0.000|
led<14>     |   10.290(F)|clk_BUFGP         |   0.000|
led<15>     |   10.138(F)|clk_BUFGP         |   0.000|
------------+------------+------------------+--------+

Clock to Setup on destination clock clk
---------------+---------+---------+---------+---------+
               | Src:Rise| Src:Fall| Src:Rise| Src:Fall|
Source Clock   |Dest:Rise|Dest:Rise|Dest:Fall|Dest:Fall|
---------------+---------+---------+---------+---------+
clk            |         |         |         |    6.295|
---------------+---------+---------+---------+---------+


Analysis completed Wed Jan 02 20:26:20 2019 
--------------------------------------------------------------------------------

Trace Settings:
-------------------------
Trace Settings 

Peak Memory Usage: 180 MB



