Release 14.6 - xst P.68d (nt64)
Copyright (c) 1995-2013 Xilinx, Inc.  All rights reserved.
--> Parameter TMPDIR set to xst/projnav.tmp


Total REAL time to Xst completion: 0.00 secs
Total CPU time to Xst completion: 0.08 secs
 
--> Parameter xsthdpdir set to xst


Total REAL time to Xst completion: 0.00 secs
Total CPU time to Xst completion: 0.09 secs
 
--> Reading design: ALU_desigin.prj

TABLE OF CONTENTS
  1) Synthesis Options Summary
  2) HDL Compilation
  3) Design Hierarchy Analysis
  4) HDL Analysis
  5) HDL Synthesis
     5.1) HDL Synthesis Report
  6) Advanced HDL Synthesis
     6.1) Advanced HDL Synthesis Report
  7) Low Level Synthesis
  8) Partition Report
  9) Final Report
	9.1) Device utilization summary
	9.2) Partition Resource Summary
	9.3) TIMING REPORT


=========================================================================
*                      Synthesis Options Summary                        *
=========================================================================
---- Source Parameters
Input File Name                    : "ALU_desigin.prj"
Input Format                       : mixed
Ignore Synthesis Constraint File   : NO

---- Target Parameters
Output File Name                   : "ALU_desigin"
Output Format                      : NGC
Target Device                      : xc3s1200e-4-fg320

---- Source Options
Top Module Name                    : ALU_desigin
Automatic FSM Extraction           : YES
FSM Encoding Algorithm             : Auto
Safe Implementation                : No
FSM Style                          : LUT
RAM Extraction                     : Yes
RAM Style                          : Auto
ROM Extraction                     : Yes
Mux Style                          : Auto
Decoder Extraction                 : YES
Priority Encoder Extraction        : Yes
Shift Register Extraction          : YES
Logical Shifter Extraction         : YES
XOR Collapsing                     : YES
ROM Style                          : Auto
Mux Extraction                     : Yes
Resource Sharing                   : YES
Asynchronous To Synchronous        : NO
Multiplier Style                   : Auto
Automatic Register Balancing       : No

---- Target Options
Add IO Buffers                     : YES
Global Maximum Fanout              : 500
Add Generic Clock Buffer(BUFG)     : 24
Register Duplication               : YES
Slice Packing                      : YES
Optimize Instantiated Primitives   : NO
Use Clock Enable                   : Yes
Use Synchronous Set                : Yes
Use Synchronous Reset              : Yes
Pack IO Registers into IOBs        : Auto
Equivalent register Removal        : YES

---- General Options
Optimization Goal                  : Speed
Optimization Effort                : 1
Keep Hierarchy                     : No
Netlist Hierarchy                  : As_Optimized
RTL Output                         : Yes
Global Optimization                : AllClockNets
Read Cores                         : YES
Write Timing Constraints           : NO
Cross Clock Analysis               : NO
Hierarchy Separator                : /
Bus Delimiter                      : <>
Case Specifier                     : Maintain
Slice Utilization Ratio            : 100
BRAM Utilization Ratio             : 100
Verilog 2001                       : YES
Auto BRAM Packing                  : NO
Slice Utilization Ratio Delta      : 5

=========================================================================


=========================================================================
*                          HDL Compilation                              *
=========================================================================
Compiling vhdl file "E:/ALU_desigin/ALU_desigin.vhd" in Library work.
Entity <alu_desigin> compiled.
Entity <alu_desigin> (Architecture <behavioral>) compiled.

=========================================================================
*                     Design Hierarchy Analysis                         *
=========================================================================
Analyzing hierarchy for entity <ALU_desigin> in library <work> (architecture <behavioral>).


=========================================================================
*                            HDL Analysis                               *
=========================================================================
Analyzing Entity <ALU_desigin> in library <work> (Architecture <behavioral>).
Entity <ALU_desigin> analyzed. Unit <ALU_desigin> generated.


=========================================================================
*                           HDL Synthesis                               *
=========================================================================

Performing bidirectional port resolution...

Synthesizing Unit <ALU_desigin>.
    Related source file is "E:/ALU_desigin/ALU_desigin.vhd".
    Found finite state machine <FSM_0> for signal <status>.
    -----------------------------------------------------------------------
    | States             | 4                                              |
    | Transitions        | 4                                              |
    | Inputs             | 0                                              |
    | Outputs            | 4                                              |
    | Clock              | clk                       (falling_edge)       |
    | Power Up State     | 00                                             |
    | Encoding           | automatic                                      |
    | Implementation     | LUT                                            |
    -----------------------------------------------------------------------
    Found 16-bit register for signal <led>.
    Found 16-bit register for signal <opa>.
    Found 16-bit register for signal <opb>.
    Summary:
	inferred   1 Finite State Machine(s).
	inferred  48 D-type flip-flop(s).
Unit <ALU_desigin> synthesized.


=========================================================================
HDL Synthesis Report

Macro Statistics
# Registers                                            : 3
 16-bit register                                       : 3

=========================================================================

=========================================================================
*                       Advanced HDL Synthesis                          *
=========================================================================

Analyzing FSM <FSM_0> for best encoding.
Optimizing FSM <status/FSM> on signal <status[1:4]> with one-hot encoding.
-------------------
 State | Encoding
-------------------
 00    | 0001
 01    | 1000
 10    | 0100
 11    | 0010
-------------------

=========================================================================
Advanced HDL Synthesis Report

Macro Statistics
# FSMs                                                 : 1
# Registers                                            : 48
 Flip-Flops                                            : 48

=========================================================================

=========================================================================
*                         Low Level Synthesis                           *
=========================================================================

Optimizing unit <ALU_desigin> ...

Mapping all equations...
Building and optimizing final netlist ...
Found area constraint ratio of 100 (+ 5) on block ALU_desigin, actual ratio is 0.
FlipFlop status_FSM_FFd4 has been replicated 1 time(s)

Final Macro Processing ...

Processing Unit <ALU_desigin> :
	Found 2-bit shift register for signal <status_FSM_FFd1>.
Unit <ALU_desigin> processed.

=========================================================================
Final Register Report

Macro Statistics
# Registers                                            : 51
 Flip-Flops                                            : 51
# Shift Registers                                      : 1
 2-bit shift register                                  : 1

=========================================================================

=========================================================================
*                           Partition Report                            *
=========================================================================

Partition Implementation Status
-------------------------------

  No Partitions were found in this design.

-------------------------------

=========================================================================
*                            Final Report                               *
=========================================================================
Final Results
RTL Top Level Output File Name     : ALU_desigin.ngr
Top Level Output File Name         : ALU_desigin
Output Format                      : NGC
Optimization Goal                  : Speed
Keep Hierarchy                     : No

Design Statistics
# IOs                              : 33

Cell Usage :
# BELS                             : 17
#      GND                         : 1
#      LUT4                        : 16
# FlipFlops/Latches                : 52
#      FD_1                        : 4
#      FDE_1                       : 32
#      FDS_1                       : 16
# Shift Registers                  : 1
#      SRL16_1                     : 1
# Clock Buffers                    : 1
#      BUFGP                       : 1
# IO Buffers                       : 32
#      IBUF                        : 16
#      OBUF                        : 16
=========================================================================

Device utilization summary:
---------------------------

Selected Device : 3s1200efg320-4 

 Number of Slices:                       30  out of   8672     0%  
 Number of Slice Flip Flops:             52  out of  17344     0%  
 Number of 4 input LUTs:                 17  out of  17344     0%  
    Number used as logic:                16
    Number used as Shift registers:       1
 Number of IOs:                          33
 Number of bonded IOBs:                  33  out of    250    13%  
 Number of GCLKs:                         1  out of     24     4%  

---------------------------
Partition Resource Summary:
---------------------------

  No Partitions were found in this design.

---------------------------


=========================================================================
TIMING REPORT

NOTE: THESE TIMING NUMBERS ARE ONLY A SYNTHESIS ESTIMATE.
      FOR ACCURATE TIMING INFORMATION PLEASE REFER TO THE TRACE REPORT
      GENERATED AFTER PLACE-and-ROUTE.

Clock Information:
------------------
-----------------------------------+------------------------+-------+
Clock Signal                       | Clock buffer(FF name)  | Load  |
-----------------------------------+------------------------+-------+
clk                                | BUFGP                  | 53    |
-----------------------------------+------------------------+-------+

Asynchronous Control Signals Information:
----------------------------------------
No asynchronous control signals found in this design

Timing Summary:
---------------
Speed Grade: -4

   Minimum period: 4.014ns (Maximum Frequency: 249.128MHz)
   Minimum input arrival time before clock: 1.973ns
   Maximum output required time after clock: 4.283ns
   Maximum combinational path delay: No path found

Timing Detail:
--------------
All values displayed in nanoseconds (ns)

=========================================================================
Timing constraint: Default period analysis for Clock 'clk'
  Clock period: 4.014ns (frequency: 249.128MHz)
  Total number of paths / destination ports: 117 / 69
-------------------------------------------------------------------------
Delay:               4.014ns (Levels of Logic = 0)
  Source:            Mshreg_status_FSM_FFd1 (FF)
  Destination:       status_FSM_FFd1 (FF)
  Source Clock:      clk falling
  Destination Clock: clk falling

  Data Path: Mshreg_status_FSM_FFd1 to status_FSM_FFd1
                                Gate     Net
    Cell:in->out      fanout   Delay   Delay  Logical Name (Net Name)
    ----------------------------------------  ------------
     SRL16_1:CLK->Q        1   3.706   0.000  Mshreg_status_FSM_FFd1 (Mshreg_status_FSM_FFd1)
     FD_1:D                    0.308          status_FSM_FFd1
    ----------------------------------------
    Total                      4.014ns (4.014ns logic, 0.000ns route)
                                       (100.0% logic, 0.0% route)

=========================================================================
Timing constraint: Default OFFSET IN BEFORE for Clock 'clk'
  Total number of paths / destination ports: 32 / 32
-------------------------------------------------------------------------
Offset:              1.973ns (Levels of Logic = 1)
  Source:            sw<0> (PAD)
  Destination:       opa_0 (FF)
  Destination Clock: clk falling

  Data Path: sw<0> to opa_0
                                Gate     Net
    Cell:in->out      fanout   Delay   Delay  Logical Name (Net Name)
    ----------------------------------------  ------------
     IBUF:I->O             2   1.218   0.447  sw_0_IBUF (sw_0_IBUF)
     FDE_1:D                   0.308          opa_0
    ----------------------------------------
    Total                      1.973ns (1.526ns logic, 0.447ns route)
                                       (77.3% logic, 22.7% route)

=========================================================================
Timing constraint: Default OFFSET OUT AFTER for Clock 'clk'
  Total number of paths / destination ports: 16 / 16
-------------------------------------------------------------------------
Offset:              4.283ns (Levels of Logic = 1)
  Source:            led_15 (FF)
  Destination:       led<15> (PAD)
  Source Clock:      clk falling

  Data Path: led_15 to led<15>
                                Gate     Net
    Cell:in->out      fanout   Delay   Delay  Logical Name (Net Name)
    ----------------------------------------  ------------
     FDS_1:C->Q            1   0.591   0.420  led_15 (led_15)
     OBUF:I->O                 3.272          led_15_OBUF (led<15>)
    ----------------------------------------
    Total                      4.283ns (3.863ns logic, 0.420ns route)
                                       (90.2% logic, 9.8% route)

=========================================================================


Total REAL time to Xst completion: 4.00 secs
Total CPU time to Xst completion: 4.22 secs
 
--> 

Total memory usage is 258412 kilobytes

Number of errors   :    0 (   0 filtered)
Number of warnings :    0 (   0 filtered)
Number of infos    :    0 (   0 filtered)

